[21:51:02] This is prokka 1.13.3
[21:51:02] Written by Torsten Seemann <torsten.seemann@gmail.com>
[21:51:02] Homepage is https://github.com/tseemann/prokka
[21:51:02] Local time is Sun Dec 30 21:51:02 2018
[21:51:02] You are harry
[21:51:02] Operating system is linux
[21:51:02] You have BioPerl 1.007002
[21:51:02] System has 1 cores.
[21:51:02] Option --cpu asked for 8 cores, but system only has 1
[21:51:02] Will use maximum of 1 cores.
[21:51:02] Annotating as >>> Bacteria <<<
[21:51:02] Generating locus_tag from 'genomes/RUG617.fa' contents.
[21:51:02] Setting --locustag CLEELPEM from MD5 c5ee59e64cc7d2d9bad029e2ab6d5bfb
[21:51:02] Creating new output folder: RUG617_prokka
[21:51:02] Running: mkdir -p RUG617_prokka
[21:51:02] Using filename prefix: RUG617.XXX
[21:51:02] Setting HMMER_NCPU=1
[21:51:02] Writing log to: RUG617_prokka/RUG617.log
[21:51:02] Command: /home/harry/prokka/bin/prokka --outdir RUG617_prokka --prefix RUG617 genomes/RUG617.fa
[21:51:02] Appending to PATH: /home/harry/prokka/bin/../binaries/linux
[21:51:02] Appending to PATH: /home/harry/prokka/bin/../binaries/linux/../common
[21:51:02] Appending to PATH: /home/harry/prokka/bin
[21:51:02] Looking for 'aragorn' - found /home/harry/prokka/bin/../binaries/linux/aragorn
[21:51:02] Determined aragorn version is 1.2
[21:51:02] Looking for 'blastp' - found /usr/bin/blastp
[21:51:02] Determined blastp version is 2.2
[21:51:02] Looking for 'cmpress' - found /usr/bin/cmpress
[21:51:02] Determined cmpress version is 1.1
[21:51:02] Looking for 'cmscan' - found /usr/bin/cmscan
[21:51:02] Determined cmscan version is 1.1
[21:51:02] Looking for 'egrep' - found /bin/egrep
[21:51:02] Looking for 'find' - found /usr/bin/find
[21:51:02] Looking for 'grep' - found /bin/grep
[21:51:02] Looking for 'hmmpress' - found /usr/bin/hmmpress
[21:51:02] Determined hmmpress version is 3.1
[21:51:02] Looking for 'hmmscan' - found /usr/bin/hmmscan
[21:51:02] Determined hmmscan version is 3.1
[21:51:02] Looking for 'java' - found /usr/bin/java
[21:51:02] Looking for 'less' - found /usr/bin/less
[21:51:02] Looking for 'makeblastdb' - found /usr/bin/makeblastdb
[21:51:02] Determined makeblastdb version is 2.2
[21:51:02] Looking for 'minced' - found /home/harry/prokka/bin/../binaries/linux/../common/minced
[21:51:03] Determined minced version is 2.0
[21:51:03] Looking for 'parallel' - found /home/harry/prokka/bin/../binaries/linux/../common/parallel
[21:51:03] Determined parallel version is 20150122
[21:51:03] Looking for 'prodigal' - found /home/harry/prokka/bin/../binaries/linux/prodigal
[21:51:03] Determined prodigal version is 2.6
[21:51:03] Looking for 'prokka-genbank_to_fasta_db' - found /home/harry/prokka/bin/prokka-genbank_to_fasta_db
[21:51:03] Looking for 'sed' - found /bin/sed
[21:51:03] Looking for 'tbl2asn' - found /home/harry/prokka/bin/../binaries/linux/tbl2asn
[21:51:03] Determined tbl2asn version is 25.6
[21:51:03] Using genetic code table 11.
[21:51:03] Loading and checking input file: genomes/RUG617.fa
[21:51:03] Wrote 241 contigs totalling 2013156 bp.
[21:51:03] Predicting tRNAs and tmRNAs
[21:51:03] Running: aragorn -l -gc11  -w RUG617_prokka\/RUG617\.fna
[21:51:04] 1 tmRNA [20799,21153] 84,116 ANDNRVALAA*
[21:51:04] 1 tRNA-Trp c[11587,11658] 33 (cca)
[21:51:04] 1 tRNA-Glu c[5665,5737] 34 (ctc)
[21:51:04] 1 tRNA-Gly c[15,88] 34 (gcc)
[21:51:04] 2 tRNA-Leu c[11182,11263] 35 (tag)
[21:51:04] 3 tRNA-Lys c[11315,11388] 34 (ttt)
[21:51:04] 4 tRNA-Gln c[11393,11465] 34 (ttg)
[21:51:04] 5 tRNA-His c[11647,11721] 35 (gtg)
[21:51:04] 6 tRNA-Arg c[11769,11844] 36 (tct)
[21:51:04] 7 tRNA-Gly c[11876,11946] 33 (tcc)
[21:51:04] 8 tRNA-Pro c[12003,12077] 36 (tgg)
[21:51:04] 1 tRNA-Leu [22941,23024] 35 (caa)
[21:51:04] 1 tRNA-Leu c[16632,16716] 35 (taa)
[21:51:04] 2 tRNA-Met c[16778,16852] 35 (cat)
[21:51:04] 3 tRNA-Glu c[16967,17038] 34 (ttc)
[21:51:04] 4 tRNA-Asn c[17144,17217] 34 (gtt)
[21:51:04] 1 tRNA-Met [8058,8132] 35 (cat)
[21:51:04] 1 tRNA-Val c[1189,1262] 34 (cac)
[21:51:04] 1 tRNA-Arg c[1564,1636] 34 (ccg)
[21:51:04] 1 tRNA-Thr c[5211,5284] 34 (cgt)
[21:51:04] 1 tRNA-Ala [5727,5800] 34 (cgc)
[21:51:04] 1 tRNA-Gln [2015,2088] 33 (ctg)
[21:51:04] 1 tRNA-Arg c[1091,1167] 36 (acg)
[21:51:04] 1 tRNA-Thr c[290,362] 34 (ggt)
[21:51:04] 1 tRNA-Ser c[1527,1615] 35 (cga)
[21:51:04] 1 tRNA-Pro [24,98] 35 (cgg)
[21:51:04] 1 tRNA-Arg [3397,3471] 35 (cct)
[21:51:04] 1 tRNA-Leu [648,732] 35 (cag)
[21:51:04] 2 tRNA-Val [912,986] 35 (gac)
[21:51:04] Found 29 tRNAs
[21:51:04] Predicting Ribosomal RNAs
[21:51:04] You need either Barrnap or RNAmmer installed to predict rRNAs!
[21:51:04] Skipping ncRNA search, enable with --rfam if desired.
[21:51:04] Total of 28 tRNA + rRNA features
[21:51:04] Searching for CRISPR repeats
[21:51:05] Found 0 CRISPRs
[21:51:05] Predicting coding sequences
[21:51:05] Contigs total 2013156 bp, so using single mode
[21:51:05] Running: prodigal -i RUG617_prokka\/RUG617\.fna -c -m -g 11 -p single -f sco -q
[21:51:08] Found 1696 CDS
[21:51:08] Connecting features back to sequences
[21:51:08] Not using genus-specific database. Try --usegenus to enable it.
[21:51:08] Annotating CDS, please be patient.
[21:51:08] Will use 1 CPUs for similarity searching.
[21:51:09] There are still 1696 unannotated CDS left (started with 1696)
[21:51:09] Will use blast to search against /home/harry/prokka/db/kingdom/Bacteria/IS with 1 CPUs
[21:51:09] Running: cat RUG617_prokka\/IS\.faa | parallel --gnu --plain -j 1 --block 283959 --recstart '>' --pipe blastp -query - -db /home/harry/prokka/db/kingdom/Bacteria/IS -evalue 1e-30 -qcov_hsp_perc 90 -num_threads 1 -num_descriptions 1 -num_alignments 1 -seg no > RUG617_prokka\/IS\.blast 2> /dev/null
[21:51:51] Deleting unwanted file: RUG617_prokka/IS.faa
[21:51:51] Deleting unwanted file: RUG617_prokka/IS.blast
[21:51:52] There are still 1695 unannotated CDS left (started with 1696)
[21:51:52] Will use blast to search against /home/harry/prokka/db/kingdom/Bacteria/AMR with 1 CPUs
[21:51:52] Running: cat RUG617_prokka\/AMR\.faa | parallel --gnu --plain -j 1 --block 283770 --recstart '>' --pipe blastp -query - -db /home/harry/prokka/db/kingdom/Bacteria/AMR -evalue 9.99999999999999e-301 -qcov_hsp_perc 90 -num_threads 1 -num_descriptions 1 -num_alignments 1 -seg no > RUG617_prokka\/AMR\.blast 2> /dev/null
[21:52:22] Deleting unwanted file: RUG617_prokka/AMR.faa
[21:52:22] Deleting unwanted file: RUG617_prokka/AMR.blast
[21:52:22] There are still 1694 unannotated CDS left (started with 1696)
[21:52:22] Will use blast to search against /home/harry/prokka/db/kingdom/Bacteria/sprot with 1 CPUs
[21:52:22] Running: cat RUG617_prokka\/sprot\.faa | parallel --gnu --plain -j 1 --block 283239 --recstart '>' --pipe blastp -query - -db /home/harry/prokka/db/kingdom/Bacteria/sprot -evalue 1e-09 -qcov_hsp_perc 80 -num_threads 1 -num_descriptions 1 -num_alignments 1 -seg no > RUG617_prokka\/sprot\.blast 2> /dev/null
[21:55:06] Modify product: Probable copper-importing P-type ATPase A => putative copper-importing P-type ATPase A
[21:55:06] Modify product: Prophage bactoprenol glucosyl transferase homolog => Prophage bactoprenol glucosyl transferase 
[21:55:06] Modify product: Probable ribosomal protein YlxQ => putative ribosomal protein YlxQ
[21:55:06] Modify product: UPF0758 protein YsxA => hypothetical protein
[21:55:06] Modify product: Probable uridylyltransferase SA1974 => putative uridylyltransferase
[21:55:06] Modify product: Probable M18 family aminopeptidase 2 => putative M18 family aminopeptidase 2
[21:55:06] Modify product: Putative aminotransferase MSMEG_6286/MSMEI_6121 => Putative aminotransferase/MSMEI_6121
[21:55:06] Modify product: Probable manganese efflux pump MntP => putative manganese efflux pump MntP
[21:55:07] Modify product: Probable licABCH operon regulator => putative licABCH operon regulator
[21:55:07] Modify product: UPF0371 protein DIP2346 => hypothetical protein
[21:55:07] Modify product: DegV domain-containing protein SA1258 => DegV domain-containing protein
[21:55:07] Modify product: Probable cobalt-factor III C(17)-methyltransferase => putative cobalt-factor III C(17)-methyltransferase
[21:55:07] Modify product: Uncharacterized AAA domain-containing protein Rv2559c => putative AAA domain-containing protein
[21:55:07] Modify product: UPF0053 protein HI_0107 => hypothetical protein
[21:55:07] Modify product: UPF0053 protein HI_0107 => hypothetical protein
[21:55:07] Modify product: Uncharacterized glycosyltransferase YkoT => putative glycosyltransferase YkoT
[21:55:07] Modify product: Probable deoxyuridine 5'-triphosphate nucleotidohydrolase YncF => putative deoxyuridine 5'-triphosphate nucleotidohydrolase YncF
[21:55:07] Modify product: Putative metallophosphoesterase MG207 homolog => Putative metallophosphoesterase MG207 
[21:55:07] Modify product: Probable fructose-bisphosphate aldolase => putative fructose-bisphosphate aldolase
[21:55:07] Modify product: Phosphorylated carbohydrates phosphatase TM_1254 => Phosphorylated carbohydrates phosphatase
[21:55:07] Modify product: UPF0237 protein SP_0238 => hypothetical protein
[21:55:07] Modify product: UPF0210 protein SP_0239 => hypothetical protein
[21:55:07] Modify product: Glycogen operon protein GlgX homolog => Glycogen operon protein GlgX 
[21:55:07] Modify product: Uncharacterized lipoprotein YfhM => putative lipoprotein YfhM
[21:55:07] Modify product: Probable HTH-type transcriptional repressor ExuR => putative HTH-type transcriptional repressor ExuR
[21:55:07] Modify product: Transcriptional repressor SmtB homolog => Transcriptional repressor SmtB 
[21:55:07] Modify product: Uncharacterized transporter Rv2685 => putative transporter
[21:55:08] Modify product: Putative acetyltransferase SA2342 => Putative acetyltransferase
[21:55:08] Modify product: Probable tRNA sulfurtransferase => putative tRNA sulfurtransferase
[21:55:08] Modify product: UPF0297 protein EF_1202 => hypothetical protein
[21:55:08] Modify product: Putative O-methyltransferase Rv1220c => Putative O-methyltransferase
[21:55:08] Modify product: Probable CtpA-like serine protease => putative CtpA-like serine protease
[21:55:08] Modify product: Probable dual-specificity RNA methyltransferase RlmN => putative dual-specificity RNA methyltransferase RlmN
[21:55:08] Modify product: Probable chromate transport protein => putative chromate transport protein
[21:55:08] Modify product: Phosphorylated carbohydrates phosphatase TM_1254 => Phosphorylated carbohydrates phosphatase
[21:55:08] Modify product: Probable tRNA-dihydrouridine synthase => putative tRNA-dihydrouridine synthase
[21:55:08] Modify product: Uncharacterized protein Rv1488 => putative protein
[21:55:08] Modify product: Uncharacterized protein YloA => putative protein YloA
[21:55:08] Modify product: UPF0701 protein HI_0467 => hypothetical protein
[21:55:08] Modify product: Uncharacterized ABC transporter ATP-binding protein TM_0288 => putative ABC transporter ATP-binding protein
[21:55:08] Modify product: Glutathione peroxidase homolog BsaA => Glutathione peroxidase BsaA
[21:55:08] Modify product: Probable M18 family aminopeptidase 1 => putative M18 family aminopeptidase 1
[21:55:08] Modify product: Probable GTP-binding protein EngB => putative GTP-binding protein EngB
[21:55:08] Modify product: GTP cyclohydrolase 1 type 2 homolog => GTP cyclohydrolase 1 type 2 
[21:55:08] Modify product: Uncharacterized protein Spy1614 => putative protein
[21:55:08] Modify product: Uncharacterized protein SA1069 => putative protein
[21:55:08] Modify product: Uncharacterized ABC transporter ATP-binding protein YknY => putative ABC transporter ATP-binding protein YknY
[21:55:08] Modify product: Putative conjugal transfer protein Rv3659c => Putative conjugal transfer protein
[21:55:08] Modify product: Uncharacterized ABC transporter ATP-binding protein YbiT => putative ABC transporter ATP-binding protein YbiT
[21:55:09] Modify product: TelA-like protein SA1238 => TelA-like protein
[21:55:09] Modify product: UPF0122 protein SAV1236 => hypothetical protein
[21:55:09] Modify product: Probable peptidoglycan glycosyltransferase FtsW => putative peptidoglycan glycosyltransferase FtsW
[21:55:09] Modify product: Probable peptidoglycan glycosyltransferase FtsW => putative peptidoglycan glycosyltransferase FtsW
[21:55:09] Modify product: UPF0145 protein BC_1012 => hypothetical protein
[21:55:09] Modify product: Purine-binding protein BAB2_0673 => Purine-binding protein
[21:55:09] Modify product: Probable protein kinase UbiB => putative protein kinase UbiB
[21:55:09] Modify product: Probable HTH-type transcriptional repressor ExuR => putative HTH-type transcriptional repressor ExuR
[21:55:09] Modify product: Uncharacterized ABC transporter ATP-binding protein Rv1273c => putative ABC transporter ATP-binding protein
[21:55:09] Modify product: UPF0348 protein SP_1742 => hypothetical protein
[21:55:09] Modify product: Dihydroorotate dehydrogenase B (NAD(+)), electron transfer subunit homolog => Dihydroorotate dehydrogenase B (NAD(+)), electron transfer subunit 
[21:55:09] Modify product: Uncharacterized protein HI_0933 => putative protein
[21:55:09] Modify product: Ribonuclease TTHA0252 => Ribonuclease
[21:55:09] Modify product: Probable ABC transporter ATP-binding protein NosF => putative ABC transporter ATP-binding protein NosF
[21:55:09] Modify product: RNA-binding protein HI_1333 => RNA-binding protein
[21:55:09] Modify product: DegV domain-containing protein SA1258 => DegV domain-containing protein
[21:55:09] Modify product: Probable siderophore transport system ATP-binding protein YusV => putative siderophore transport system ATP-binding protein YusV
[21:55:09] Modify product: Nucleoid-associated protein Cthe_2143 => Nucleoid-associated protein
[21:55:09] Modify product: Probable D,D-dipeptide-binding periplasmic protein DdpA => putative D,D-dipeptide-binding periplasmic protein DdpA
[21:55:10] Modify product: Glycogen operon protein GlgX homolog => Glycogen operon protein GlgX 
[21:55:10] Modify product: Fatty acid-binding protein TM_1468 => Fatty acid-binding protein
[21:55:10] Modify product: Uncharacterized glycosyltransferase sll0501 => putative glycosyltransferase
[21:55:10] Modify product: UPF0051 protein SA0778 => hypothetical protein
[21:55:10] Modify product: UPF0051 protein Rv1461 => hypothetical protein
[21:55:10] Modify product: Solute-binding protein Csal_2479 => Solute-binding protein
[21:55:10] Modify product: Uncharacterized protein YqgN => putative protein YqgN
[21:55:10] Modify product: Solute-binding protein Veis_3954 => Solute-binding protein
[21:55:10] Modify product: Uncharacterized membrane protein YdfK => putative membrane protein YdfK
[21:55:10] Modify product: Oxygen-independent coproporphyrinogen-III oxidase-like protein sll1917 => Oxygen-independent coproporphyrinogen-III oxidase-like protein
[21:55:10] Cleaned 78 /product names
[21:55:10] Deleting unwanted file: RUG617_prokka/sprot.faa
[21:55:10] Deleting unwanted file: RUG617_prokka/sprot.blast
[21:55:10] There are still 951 unannotated CDS left (started with 1696)
[21:55:10] Will use hmmer3 to search against /home/harry/prokka/db/hmm/HAMAP.hmm with 1 CPUs
[21:55:10] Running: cat RUG617_prokka\/HAMAP\.hmm\.faa | parallel --gnu --plain -j 1 --block 155325 --recstart '>' --pipe hmmscan --noali --notextw --acc -E 1e-09 --cpu 1 /home/harry/prokka/db/hmm/HAMAP.hmm /dev/stdin > RUG617_prokka\/HAMAP\.hmm\.hmmer3 2> /dev/null
[21:56:15] Modify product: Uncharacterized Nudix hydrolase NudL => putative Nudix hydrolase NudL
[21:56:15] Cleaned 1 /product names
[21:56:15] Deleting unwanted file: RUG617_prokka/HAMAP.hmm.faa
[21:56:15] Deleting unwanted file: RUG617_prokka/HAMAP.hmm.hmmer3
[21:56:15] Labelling remaining 795 proteins as 'hypothetical protein'
[21:56:15] Possible /pseudo 'Elongation factor Tu' at scaffold_994 position 23062
[21:56:15] Possible /pseudo '4-amino-4-deoxy-L-arabinose-phosphoundecaprenol flippase subunit ArnE' at scaffold_1161 position 15963
[21:56:15] Possible /pseudo 'UvrABC system protein A' at scaffold_2161 position 2086
[21:56:15] Possible /pseudo 'PTS system mannose-specific EIIAB component' at scaffold_2211 position 11569
[21:56:15] Possible /pseudo 'putative protein' at scaffold_5322 position 6442
[21:56:15] Possible /pseudo 'DNA repair protein RecN' at scaffold_7012 position 448
[21:56:15] Possible /pseudo 'Carbamoyl-phosphate synthase large chain' at scaffold_7037 position 4036
[21:56:15] Possible /pseudo 'Ribosomal RNA small subunit methyltransferase H' at scaffold_7891 position 1727
[21:56:15] Possible /pseudo 'putative peptidoglycan glycosyltransferase FtsW' at scaffold_7891 position 8298
[21:56:15] Possible /pseudo 'Glycogen phosphorylase' at scaffold_12439 position 721
[21:56:15] Possible /pseudo 'Glycogen phosphorylase' at scaffold_12439 position 5808
[21:56:15] Possible /pseudo 'Valine--tRNA ligase' at scaffold_17808 position 3974
[21:56:15] Possible /pseudo 'Phosphate acyltransferase' at scaffold_19020 position 1568
[21:56:15] Possible /pseudo 'Carbamoyl dehydratase HypE' at scaffold_22491 position 1539
[21:56:15] Possible /pseudo '1-deoxy-D-xylulose-5-phosphate synthase' at scaffold_43793 position 1067
[21:56:15] Possible /pseudo 'Glutamine synthetase' at scaffold_90284 position 2082
[21:56:15] Found 700 unique /gene codes.
[21:56:15] Fixed 2 duplicate /gene - relA_1 relA_2
[21:56:15] Fixed 2 duplicate /gene - hypE_1 hypE_2
[21:56:15] Fixed 2 duplicate /gene - ytrA_1 ytrA_2
[21:56:15] Fixed 2 duplicate /gene - apaH_1 apaH_2
[21:56:15] Fixed 2 duplicate /gene - deoD_1 deoD_2
[21:56:15] Fixed 2 duplicate /gene - greA_1 greA_2
[21:56:15] Fixed 3 duplicate /gene - yidA_1 yidA_2 yidA_3
[21:56:15] Fixed 2 duplicate /gene - trmD_1 trmD_2
[21:56:15] Fixed 2 duplicate /gene - mecA_1 mecA_2
[21:56:15] Fixed 2 duplicate /gene - trpB_1 trpB_2
[21:56:15] Fixed 2 duplicate /gene - purA_1 purA_2
[21:56:15] Fixed 2 duplicate /gene - clpX_1 clpX_2
[21:56:15] Fixed 2 duplicate /gene - cysK_1 cysK_2
[21:56:15] Fixed 2 duplicate /gene - manZ_1 manZ_2
[21:56:15] Fixed 2 duplicate /gene - araQ_1 araQ_2
[21:56:15] Fixed 2 duplicate /gene - smc_1 smc_2
[21:56:15] Fixed 4 duplicate /gene - glnA_1 glnA_2 glnA_3 glnA_4
[21:56:15] Fixed 3 duplicate /gene - agaA_1 agaA_2 agaA_3
[21:56:15] Fixed 3 duplicate /gene - cmk_1 cmk_2 cmk_3
[21:56:15] Fixed 2 duplicate /gene - carB_1 carB_2
[21:56:15] Fixed 2 duplicate /gene - ghrB_1 ghrB_2
[21:56:15] Fixed 2 duplicate /gene - tig_1 tig_2
[21:56:15] Fixed 2 duplicate /gene - rpe_1 rpe_2
[21:56:15] Fixed 2 duplicate /gene - arnE_1 arnE_2
[21:56:15] Fixed 2 duplicate /gene - dapA_1 dapA_2
[21:56:15] Fixed 2 duplicate /gene - rbsA_1 rbsA_2
[21:56:15] Fixed 3 duplicate /gene - ymdB_1 ymdB_2 ymdB_3
[21:56:15] Fixed 3 duplicate /gene - lytR_1 lytR_2 lytR_3
[21:56:15] Fixed 2 duplicate /gene - alsT_1 alsT_2
[21:56:15] Fixed 2 duplicate /gene - glgB_1 glgB_2
[21:56:15] Fixed 3 duplicate /gene - rlmB_1 rlmB_2 rlmB_3
[21:56:15] Fixed 3 duplicate /gene - mepA_1 mepA_2 mepA_3
[21:56:15] Fixed 2 duplicate /gene - gyrA_1 gyrA_2
[21:56:15] Fixed 2 duplicate /gene - feoB_1 feoB_2
[21:56:15] Fixed 2 duplicate /gene - tuf_1 tuf_2
[21:56:15] Fixed 2 duplicate /gene - valS_1 valS_2
[21:56:15] Fixed 2 duplicate /gene - hisK_1 hisK_2
[21:56:15] Fixed 2 duplicate /gene - fusA_1 fusA_2
[21:56:15] Fixed 2 duplicate /gene - ptsH_1 ptsH_2
[21:56:15] Fixed 2 duplicate /gene - pfkA_1 pfkA_2
[21:56:15] Fixed 6 duplicate /gene - btuD_1 btuD_2 btuD_3 btuD_4 btuD_5 btuD_6
[21:56:15] Fixed 2 duplicate /gene - perR_1 perR_2
[21:56:15] Fixed 2 duplicate /gene - aspC_1 aspC_2
[21:56:15] Fixed 2 duplicate /gene - rep_1 rep_2
[21:56:15] Fixed 2 duplicate /gene - priA_1 priA_2
[21:56:15] Fixed 2 duplicate /gene - pyk_1 pyk_2
[21:56:15] Fixed 2 duplicate /gene - srrA_1 srrA_2
[21:56:15] Fixed 2 duplicate /gene - fba_1 fba_2
[21:56:15] Fixed 2 duplicate /gene - thlA_1 thlA_2
[21:56:15] Fixed 2 duplicate /gene - macB_1 macB_2
[21:56:15] Fixed 2 duplicate /gene - gltB_1 gltB_2
[21:56:15] Fixed 2 duplicate /gene - yclM_1 yclM_2
[21:56:15] Fixed 2 duplicate /gene - nudC_1 nudC_2
[21:56:15] Fixed 2 duplicate /gene - mglB_1 mglB_2
[21:56:15] Fixed 3 duplicate /gene - walR_1 walR_2 walR_3
[21:56:15] Fixed 2 duplicate /gene - pknD_1 pknD_2
[21:56:15] Fixed 2 duplicate /gene - polC_1 polC_2
[21:56:15] Fixed 3 duplicate /gene - dxs_1 dxs_2 dxs_3
[21:56:15] Fixed 2 duplicate /gene - glgA_1 glgA_2
[21:56:15] Fixed 2 duplicate /gene - ubiG_1 ubiG_2
[21:56:15] Fixed 2 duplicate /gene - lgt_1 lgt_2
[21:56:15] Fixed 2 duplicate /gene - glpE_1 glpE_2
[21:56:15] Fixed 4 duplicate /gene - glgP_1 glgP_2 glgP_3 glgP_4
[21:56:15] Fixed 2 duplicate /gene - paaK_1 paaK_2
[21:56:15] Fixed 3 duplicate /gene - glgX_1 glgX_2 glgX_3
[21:56:15] Fixed 2 duplicate /gene - rcsC_1 rcsC_2
[21:56:15] Fixed 2 duplicate /gene - cheB_1 cheB_2
[21:56:15] Fixed 2 duplicate /gene - exuR_1 exuR_2
[21:56:15] Fixed 2 duplicate /gene - rspR_1 rspR_2
[21:56:15] Fixed 2 duplicate /gene - lspA_1 lspA_2
[21:56:15] Fixed 2 duplicate /gene - recN_1 recN_2
[21:56:15] Fixed 2 duplicate /gene - lacF_1 lacF_2
[21:56:15] Fixed 2 duplicate /gene - rsmH_1 rsmH_2
[21:56:15] Fixed 2 duplicate /gene - opuE_1 opuE_2
[21:56:15] Fixed 2 duplicate /gene - gpsA_1 gpsA_2
[21:56:15] Fixed 2 duplicate /gene - alaS_1 alaS_2
[21:56:15] Fixed 3 duplicate /gene - uvrA_1 uvrA_2 uvrA_3
[21:56:15] Fixed 2 duplicate /gene - araD_1 araD_2
[21:56:15] Fixed 2 duplicate /gene - coaX_1 coaX_2
[21:56:15] Fixed 2 duplicate /gene - malL_1 malL_2
[21:56:15] Fixed 2 duplicate /gene - sacA_1 sacA_2
[21:56:15] Fixed 2 duplicate /gene - gph_1 gph_2
[21:56:15] Fixed 2 duplicate /gene - lepA_1 lepA_2
[21:56:15] Fixed 2 duplicate /gene - rbsC_1 rbsC_2
[21:56:15] Fixed 2 duplicate /gene - rlmL_1 rlmL_2
[21:56:15] Fixed 2 duplicate /gene - hmuU_1 hmuU_2
[21:56:15] Fixed 9 duplicate /gene - sasA_1 sasA_2 sasA_3 sasA_4 sasA_5 sasA_6 sasA_7 sasA_8 sasA_9
[21:56:15] Fixed 2 duplicate /gene - lacZ_1 lacZ_2
[21:56:15] Fixed 2 duplicate /gene - gyrB_1 gyrB_2
[21:56:15] Fixed 3 duplicate /gene - ftsW_1 ftsW_2 ftsW_3
[21:56:15] Fixed 2 duplicate /gene - sstT_1 sstT_2
[21:56:15] Fixed 3 duplicate /gene - manX_1 manX_2 manX_3
[21:56:15] Fixed 3 duplicate /gene - dinB_1 dinB_2 dinB_3
[21:56:15] Fixed 2 duplicate /gene - gmk_1 gmk_2
[21:56:15] Fixed 2 duplicate /gene - ndhB_1 ndhB_2
[21:56:15] Fixed 2 duplicate /gene - udk_1 udk_2
[21:56:15] Fixed 2 duplicate /gene - hbpA_1 hbpA_2
[21:56:15] Fixed 3 duplicate /gene - dnaJ_1 dnaJ_2 dnaJ_3
[21:56:15] Fixed 2 duplicate /gene - malQ_1 malQ_2
[21:56:15] Fixed 2 duplicate /gene - dctM_1 dctM_2
[21:56:15] Fixed 3 duplicate /gene - rhaS_1 rhaS_2 rhaS_3
[21:56:15] Fixed 2 duplicate /gene - idi_1 idi_2
[21:56:15] Fixed 2 duplicate /gene - ilvH_1 ilvH_2
[21:56:15] Fixed 2 duplicate /gene - plsX_1 plsX_2
[21:56:15] Fixed 104 colliding /gene names.
[21:56:15] Adding /locus_tag identifiers
[21:56:15] Assigned 1725 locus_tags to CDS and RNA features.
[21:56:15] Writing outputs to RUG617_prokka/
[21:56:17] Generating annotation statistics file
[21:56:17] Generating Genbank and Sequin files
[21:56:17] Running: tbl2asn -V b -a r10k -l paired-ends -M n -N 1 -y 'Annotated using prokka 1.13.3 from https://github.com/tseemann/prokka' -Z RUG617_prokka\/RUG617\.err -i RUG617_prokka\/RUG617\.fsa 2> /dev/null
[21:56:21] Deleting unwanted file: RUG617_prokka/errorsummary.val
[21:56:21] Deleting unwanted file: RUG617_prokka/RUG617.dr
[21:56:21] Deleting unwanted file: RUG617_prokka/RUG617.fixedproducts
[21:56:21] Deleting unwanted file: RUG617_prokka/RUG617.ecn
[21:56:21] Deleting unwanted file: RUG617_prokka/RUG617.val
[21:56:21] Repairing broken .GBK output that tbl2asn produces...
[21:56:21] Running: sed 's/COORDINATES: profile/COORDINATES:profile/' < RUG617_prokka\/RUG617\.gbf > RUG617_prokka\/RUG617\.gbk
[21:56:21] Deleting unwanted file: RUG617_prokka/RUG617.gbf
[21:56:21] Output files:
[21:56:21] RUG617_prokka/RUG617.fna
[21:56:21] RUG617_prokka/RUG617.tsv
[21:56:21] RUG617_prokka/RUG617.log
[21:56:21] RUG617_prokka/RUG617.txt
[21:56:21] RUG617_prokka/RUG617.sqn
[21:56:21] RUG617_prokka/RUG617.tbl
[21:56:21] RUG617_prokka/RUG617.ffn
[21:56:21] RUG617_prokka/RUG617.faa
[21:56:21] RUG617_prokka/RUG617.gff
[21:56:21] RUG617_prokka/RUG617.gbk
[21:56:21] RUG617_prokka/RUG617.fsa
[21:56:21] RUG617_prokka/RUG617.err
[21:56:21] Annotation finished successfully.
[21:56:21] Walltime used: 5.32 minutes
[21:56:21] If you use this result please cite the Prokka paper:
[21:56:21] Seemann T (2014) Prokka: rapid prokaryotic genome annotation. Bioinformatics. 30(14):2068-9.
[21:56:21] Type 'prokka --citation' for more details.
[21:56:21] Share and enjoy!
