[21:44:03] This is prokka 1.13.3
[21:44:03] Written by Torsten Seemann <torsten.seemann@gmail.com>
[21:44:03] Homepage is https://github.com/tseemann/prokka
[21:44:03] Local time is Sun Dec 30 21:44:03 2018
[21:44:03] You are harry
[21:44:03] Operating system is linux
[21:44:03] You have BioPerl 1.007002
[21:44:03] System has 1 cores.
[21:44:03] Option --cpu asked for 8 cores, but system only has 1
[21:44:03] Will use maximum of 1 cores.
[21:44:03] Annotating as >>> Bacteria <<<
[21:44:03] Generating locus_tag from 'genomes/RUG552.fa' contents.
[21:44:03] Setting --locustag LABOMGJG from MD5 5ab86030c1ca3d322d7816a9e2572667
[21:44:03] Creating new output folder: RUG552_prokka
[21:44:03] Running: mkdir -p RUG552_prokka
[21:44:03] Using filename prefix: RUG552.XXX
[21:44:03] Setting HMMER_NCPU=1
[21:44:03] Writing log to: RUG552_prokka/RUG552.log
[21:44:03] Command: /home/harry/prokka/bin/prokka --outdir RUG552_prokka --prefix RUG552 genomes/RUG552.fa
[21:44:03] Appending to PATH: /home/harry/prokka/bin/../binaries/linux
[21:44:03] Appending to PATH: /home/harry/prokka/bin/../binaries/linux/../common
[21:44:03] Appending to PATH: /home/harry/prokka/bin
[21:44:03] Looking for 'aragorn' - found /home/harry/prokka/bin/../binaries/linux/aragorn
[21:44:04] Determined aragorn version is 1.2
[21:44:04] Looking for 'blastp' - found /usr/bin/blastp
[21:44:04] Determined blastp version is 2.2
[21:44:04] Looking for 'cmpress' - found /usr/bin/cmpress
[21:44:04] Determined cmpress version is 1.1
[21:44:04] Looking for 'cmscan' - found /usr/bin/cmscan
[21:44:04] Determined cmscan version is 1.1
[21:44:04] Looking for 'egrep' - found /bin/egrep
[21:44:04] Looking for 'find' - found /usr/bin/find
[21:44:04] Looking for 'grep' - found /bin/grep
[21:44:04] Looking for 'hmmpress' - found /usr/bin/hmmpress
[21:44:04] Determined hmmpress version is 3.1
[21:44:04] Looking for 'hmmscan' - found /usr/bin/hmmscan
[21:44:04] Determined hmmscan version is 3.1
[21:44:04] Looking for 'java' - found /usr/bin/java
[21:44:04] Looking for 'less' - found /usr/bin/less
[21:44:04] Looking for 'makeblastdb' - found /usr/bin/makeblastdb
[21:44:04] Determined makeblastdb version is 2.2
[21:44:04] Looking for 'minced' - found /home/harry/prokka/bin/../binaries/linux/../common/minced
[21:44:04] Determined minced version is 2.0
[21:44:04] Looking for 'parallel' - found /home/harry/prokka/bin/../binaries/linux/../common/parallel
[21:44:04] Determined parallel version is 20150122
[21:44:04] Looking for 'prodigal' - found /home/harry/prokka/bin/../binaries/linux/prodigal
[21:44:04] Determined prodigal version is 2.6
[21:44:04] Looking for 'prokka-genbank_to_fasta_db' - found /home/harry/prokka/bin/prokka-genbank_to_fasta_db
[21:44:04] Looking for 'sed' - found /bin/sed
[21:44:04] Looking for 'tbl2asn' - found /home/harry/prokka/bin/../binaries/linux/tbl2asn
[21:44:04] Determined tbl2asn version is 25.6
[21:44:04] Using genetic code table 11.
[21:44:04] Loading and checking input file: genomes/RUG552.fa
[21:44:05] Wrote 143 contigs totalling 2609037 bp.
[21:44:05] Predicting tRNAs and tmRNAs
[21:44:05] Running: aragorn -l -gc11  -w RUG552_prokka\/RUG552\.fna
[21:44:06] 1 tRNA-Leu c[7559,7641] 35 (tag)
[21:44:06] 1 tRNA-Leu [50303,50389] 35 (taa)
[21:44:06] 2 tRNA-Thr [51461,51534] 34 (tgt)
[21:44:06] 3 tRNA-Tyr [51588,51670] 35 (gta)
[21:44:06] 4 tRNA-Gly [51787,51860] 34 (tcc)
[21:44:06] 5 tRNA-Thr [51864,51936] 33 (ggt)
[21:44:06] 6 tRNA-Trp [53320,53391] 33 (cca)
[21:44:06] 1 tRNA-Gly [2810,2883] 34 (gcc)
[21:44:06] 2 tRNA-Leu [3025,3107] 35 (cag)
[21:44:06] 3 tRNA-Leu [3249,3333] 35 (gag)
[21:44:06] 4 tRNA-Leu c[103461,103541] 35 (caa)
[21:44:06] 1 tRNA-Asn c[61389,61463] 35 (gtt)
[21:44:06] 1 tRNA-Pro c[42979,43053] 35 (ggg)
[21:44:06] 1 tRNA-Ser [45723,45810] 35 (gct)
[21:44:06] 2 tRNA-Lys [51854,51927] 34 (ttt)
[21:44:06] 1 tRNA-Arg [38437,38511] 35 (acg)
[21:44:06] 1 tRNA-Gly [956,1027] 33 (ccc)
[21:44:06] 1 tRNA-Gln c[1651,1722] 33 (ctg)
[21:44:06] 2 tRNA-Glu [17423,17496] 35 (ctc)
[21:44:06] 1 tRNA-Met [24818,24892] 35 (cat)
[21:44:06] 2 tRNA-Pro [36298,36371] 34 (cgg)
[21:44:06] 1 tRNA-Val [33009,33084] 36 (tac)
[21:44:06] 1 tRNA-Lys c[59070,59143] 34 (ctt)
[21:44:06] 1 tRNA-Asp c[31490,31564] 35 (gtc)
[21:44:06] 1 tRNA-Cys c[21082,21154] 34 (gca)
[21:44:06] 1 tRNA-Gln c[28609,28680] 33 (ttg)
[21:44:06] 1 tRNA-Arg c[3749,3823] 35 (tct)
[21:44:06] 1 tRNA-Met [22269,22344] 36 (cat)
[21:44:06] 2 tRNA-Phe c[27830,27903] 34 (gaa)
[21:44:06] 1 tRNA-Ser [14140,14228] 35 (gga)
[21:44:06] 1 tRNA-Arg c[12919,12991] 34 (cct)
[21:44:06] 1 tRNA-Ser c[948,1033] 35 (tga)
[21:44:06] 1 tRNA-Glu c[13961,14033] 34 (ttc)
[21:44:06] 1 tRNA-His c[1162,1235] 34 (gtg)
[21:44:06] 1 tRNA-Ser [4090,4179] 35 (cga)
[21:44:06] 1 tRNA-Met [2376,2448] 33 (cat)
[21:44:06] 2 tRNA-Arg c[4375,4449] 35 (ccg)
[21:44:06] Found 37 tRNAs
[21:44:06] Predicting Ribosomal RNAs
[21:44:06] You need either Barrnap or RNAmmer installed to predict rRNAs!
[21:44:06] Skipping ncRNA search, enable with --rfam if desired.
[21:44:06] Total of 37 tRNA + rRNA features
[21:44:06] Searching for CRISPR repeats
[21:44:07] Found 0 CRISPRs
[21:44:07] Predicting coding sequences
[21:44:07] Contigs total 2609037 bp, so using single mode
[21:44:07] Running: prodigal -i RUG552_prokka\/RUG552\.fna -c -m -g 11 -p single -f sco -q
[21:44:17] Excluding CDS which overlaps existing RNA (tRNA) at scaffold_169:50281..50430 on - strand
[21:44:17] Excluding CDS which overlaps existing RNA (tRNA) at scaffold_221:51865..52137 on - strand
[21:44:17] Excluding CDS which overlaps existing RNA (tRNA) at scaffold_242:38443..38556 on - strand
[21:44:17] Excluding CDS which overlaps existing RNA (tRNA) at scaffold_439:1302..1814 on - strand
[21:44:18] Excluding CDS which overlaps existing RNA (tRNA) at scaffold_490:36205..36411 on + strand
[21:44:18] Excluding CDS which overlaps existing RNA (tRNA) at scaffold_653:58967..59212 on - strand
[21:44:18] Excluding CDS which overlaps existing RNA (tRNA) at scaffold_1069:27697..27918 on - strand
[21:44:19] Excluding CDS which overlaps existing RNA (tRNA) at scaffold_3978:1143..1262 on - strand
[21:44:19] Found 2194 CDS
[21:44:19] Connecting features back to sequences
[21:44:19] Not using genus-specific database. Try --usegenus to enable it.
[21:44:19] Annotating CDS, please be patient.
[21:44:19] Will use 1 CPUs for similarity searching.
[21:44:20] There are still 2194 unannotated CDS left (started with 2194)
[21:44:20] Will use blast to search against /home/harry/prokka/db/kingdom/Bacteria/IS with 1 CPUs
[21:44:20] Running: cat RUG552_prokka\/IS\.faa | parallel --gnu --plain -j 1 --block 387189 --recstart '>' --pipe blastp -query - -db /home/harry/prokka/db/kingdom/Bacteria/IS -evalue 1e-30 -qcov_hsp_perc 90 -num_threads 1 -num_descriptions 1 -num_alignments 1 -seg no > RUG552_prokka\/IS\.blast 2> /dev/null
[21:45:15] Deleting unwanted file: RUG552_prokka/IS.faa
[21:45:15] Deleting unwanted file: RUG552_prokka/IS.blast
[21:45:16] There are still 2190 unannotated CDS left (started with 2194)
[21:45:16] Will use blast to search against /home/harry/prokka/db/kingdom/Bacteria/AMR with 1 CPUs
[21:45:16] Running: cat RUG552_prokka\/AMR\.faa | parallel --gnu --plain -j 1 --block 386619 --recstart '>' --pipe blastp -query - -db /home/harry/prokka/db/kingdom/Bacteria/AMR -evalue 9.99999999999999e-301 -qcov_hsp_perc 90 -num_threads 1 -num_descriptions 1 -num_alignments 1 -seg no > RUG552_prokka\/AMR\.blast 2> /dev/null
[21:45:54] Deleting unwanted file: RUG552_prokka/AMR.faa
[21:45:54] Deleting unwanted file: RUG552_prokka/AMR.blast
[21:45:55] There are still 2190 unannotated CDS left (started with 2194)
[21:45:55] Will use blast to search against /home/harry/prokka/db/kingdom/Bacteria/sprot with 1 CPUs
[21:45:55] Running: cat RUG552_prokka\/sprot\.faa | parallel --gnu --plain -j 1 --block 386619 --recstart '>' --pipe blastp -query - -db /home/harry/prokka/db/kingdom/Bacteria/sprot -evalue 1e-09 -qcov_hsp_perc 80 -num_threads 1 -num_descriptions 1 -num_alignments 1 -seg no > RUG552_prokka\/sprot\.blast 2> /dev/null
[21:49:12] Modify product: Uncharacterized zinc protease Rv2782c => putative zinc protease
[21:49:12] Modify product: Probable peptidoglycan D,D-transpeptidase PbpC => putative peptidoglycan D,D-transpeptidase PbpC
[21:49:12] Modify product: Probable peptidoglycan glycosyltransferase FtsW => putative peptidoglycan glycosyltransferase FtsW
[21:49:12] Modify product: Uncharacterized glycosyltransferase sll0501 => putative glycosyltransferase
[21:49:12] Modify product: Uncharacterized protein HI_1163 => putative protein
[21:49:12] Modify product: Uncharacterized sugar kinase YdjH => putative sugar kinase YdjH
[21:49:12] Modify product: Probable metallo-hydrolase M6_Spy0554 => putative metallo-hydrolase
[21:49:12] Modify product: UPF0056 inner membrane protein YhgN => hypothetical protein
[21:49:12] Modify product: SusD-like protein BACOVA_02651 => SusD-like protein
[21:49:13] Modify product: Probable ATP-dependent transporter SufC => putative ATP-dependent transporter SufC
[21:49:13] Modify product: Probable cysteine desulfurase => putative cysteine desulfurase
[21:49:13] Modify product: Uncharacterized HIT-like protein Rv0759c => putative HIT-like protein
[21:49:13] Modify product: UPF0353 protein Rv1481 => hypothetical protein
[21:49:13] Modify product: Uncharacterized protein Rv1480 => putative protein
[21:49:13] Modify product: Probable murein peptide carboxypeptidase => putative murein peptide carboxypeptidase
[21:49:13] Modify product: Phosphorylated carbohydrates phosphatase TM_1254 => Phosphorylated carbohydrates phosphatase
[21:49:13] Modify product: UPF0701 protein HI_0467 => hypothetical protein
[21:49:13] Modify product: Probable chromate transport protein => putative chromate transport protein
[21:49:13] Modify product: UPF0371 protein DIP2346 => hypothetical protein
[21:49:13] Modify product: Putative 2-hydroxyacid dehydrogenase SA2098 => Putative 2-hydroxyacid dehydrogenase
[21:49:13] Modify product: Bifunctional protein FolD => Bifunctional protein FolD protein
[21:49:14] Modify product: Uncharacterized protein PA2218 => putative protein
[21:49:14] Modify product: UPF0365 protein SA1402 => hypothetical protein
[21:49:14] Modify product: Putative zinc metalloprotease aq_1964 => Putative zinc metalloprotease
[21:49:14] Modify product: Uncharacterized protein Rv2008c => putative protein
[21:49:14] Modify product: Uncharacterized ABC transporter ATP-binding protein YxlF => putative ABC transporter ATP-binding protein YxlF
[21:49:14] Modify product: Probable tRNA-dihydrouridine synthase => putative tRNA-dihydrouridine synthase
[21:49:14] Modify product: Probable GTP-binding protein EngB => putative GTP-binding protein EngB
[21:49:14] Modify product: GTP cyclohydrolase 1 type 2 homolog => GTP cyclohydrolase 1 type 2 
[21:49:14] Modify product: Uncharacterized protein YqeN => putative protein YqeN
[21:49:14] Modify product: Uncharacterized protein Rv2008c => putative protein
[21:49:15] Modify product: Probable ribonucleotide transport ATP-binding protein mkl => putative ribonucleotide transport ATP-binding protein mkl
[21:49:15] Modify product: Probable phospholipid ABC transporter permease protein MlaE => putative phospholipid ABC transporter permease protein MlaE
[21:49:15] Modify product: PGL/p-HBAD biosynthesis glycosyltransferase Rv2957 => PGL/p-HBAD biosynthesis glycosyltransferase
[21:49:15] Modify product: Uncharacterized ABC transporter ATP-binding protein YheS => putative ABC transporter ATP-binding protein YheS
[21:49:15] Modify product: Uncharacterized glycosyltransferase EpsJ => putative glycosyltransferase EpsJ
[21:49:15] Modify product: Uncharacterized protein YqgN => putative protein YqgN
[21:49:15] Modify product: Probable siderophore transport system ATP-binding protein YusV => putative siderophore transport system ATP-binding protein YusV
[21:49:15] Modify product: Uncharacterized protein BHWA1_00569 => putative protein
[21:49:15] Modify product: UPF0145 protein YbjQ => hypothetical protein
[21:49:15] Modify product: Probable manganese efflux pump MntP => putative manganese efflux pump MntP
[21:49:15] Modify product: Probable GTPase Rv1496 => putative GTPase
[21:49:15] Modify product: Probable transcriptional regulatory protein HP_0162 => putative transcriptional regulatory protein
[21:49:15] Modify product: Uncharacterized RNA pseudouridine synthase Rv1540 => putative RNA pseudouridine synthase
[21:49:15] Modify product: Uncharacterized protein YqeY => putative protein YqeY
[21:49:16] Modify product: Oxygen-independent coproporphyrinogen-III oxidase-like protein LL1139 => Oxygen-independent coproporphyrinogen-III oxidase-like protein
[21:49:16] Modify product: Ribonuclease TTHA0252 => Ribonuclease
[21:49:16] Modify product: Probable FKBP-type peptidyl-prolyl cis-trans isomerase FkpA => putative FKBP-type peptidyl-prolyl cis-trans isomerase FkpA
[21:49:16] Modify product: Putative lipid kinase SP_1045 => Putative lipid kinase
[21:49:16] Modify product: Uncharacterized protease YdcP => putative protease YdcP
[21:49:16] Modify product: Putative acetyltransferase SA2342 => Putative acetyltransferase
[21:49:16] Modify product: Probable nicotinate-nucleotide pyrophosphorylase [carboxylating] => putative nicotinate-nucleotide pyrophosphorylase [carboxylating]
[21:49:16] Cleaned 52 /product names
[21:49:16] Deleting unwanted file: RUG552_prokka/sprot.faa
[21:49:16] Deleting unwanted file: RUG552_prokka/sprot.blast
[21:49:17] There are still 1555 unannotated CDS left (started with 2194)
[21:49:17] Will use hmmer3 to search against /home/harry/prokka/db/hmm/HAMAP.hmm with 1 CPUs
[21:49:17] Running: cat RUG552_prokka\/HAMAP\.hmm\.faa | parallel --gnu --plain -j 1 --block 271521 --recstart '>' --pipe hmmscan --noali --notextw --acc -E 1e-09 --cpu 1 /home/harry/prokka/db/hmm/HAMAP.hmm /dev/stdin > RUG552_prokka\/HAMAP\.hmm\.hmmer3 2> /dev/null
[21:50:54] Deleting unwanted file: RUG552_prokka/HAMAP.hmm.faa
[21:50:54] Deleting unwanted file: RUG552_prokka/HAMAP.hmm.hmmer3
[21:50:54] Labelling remaining 1413 proteins as 'hypothetical protein'
[21:50:54] Possible /pseudo 'Pyruvate, phosphate dikinase' at scaffold_146 position 42246
[21:50:54] Possible /pseudo 'DNA topoisomerase 3' at scaffold_169 position 81891
[21:50:54] Possible /pseudo 'Protein RecA' at scaffold_169 position 95208
[21:50:54] Possible /pseudo 'Xanthine phosphoribosyltransferase' at scaffold_242 position 32116
[21:50:54] Possible /pseudo '4-hydroxy-tetrahydrodipicolinate synthase' at scaffold_608 position 12311
[21:50:55] Found 636 unique /gene codes.
[21:50:55] Fixed 2 duplicate /gene - gyrB_1 gyrB_2
[21:50:55] Fixed 2 duplicate /gene - btuD_1 btuD_2
[21:50:55] Fixed 5 duplicate /gene - acpP_1 acpP_2 acpP_3 acpP_4 acpP_5
[21:50:55] Fixed 4 duplicate /gene - yhcG_1 yhcG_2 yhcG_3 yhcG_4
[21:50:55] Fixed 2 duplicate /gene - ruvB_1 ruvB_2
[21:50:55] Fixed 3 duplicate /gene - udk_1 udk_2 udk_3
[21:50:55] Fixed 2 duplicate /gene - lolE_1 lolE_2
[21:50:55] Fixed 2 duplicate /gene - folP_1 folP_2
[21:50:55] Fixed 2 duplicate /gene - topB_1 topB_2
[21:50:55] Fixed 2 duplicate /gene - pglH_1 pglH_2
[21:50:55] Fixed 2 duplicate /gene - lptD_1 lptD_2
[21:50:55] Fixed 2 duplicate /gene - arnE_1 arnE_2
[21:50:55] Fixed 2 duplicate /gene - glgB_1 glgB_2
[21:50:55] Fixed 2 duplicate /gene - tsaD_1 tsaD_2
[21:50:55] Fixed 2 duplicate /gene - queA_1 queA_2
[21:50:55] Fixed 2 duplicate /gene - pepD_1 pepD_2
[21:50:55] Fixed 2 duplicate /gene - ftsW_1 ftsW_2
[21:50:55] Fixed 4 duplicate /gene - rhaS_1 rhaS_2 rhaS_3 rhaS_4
[21:50:55] Fixed 2 duplicate /gene - menA_1 menA_2
[21:50:55] Fixed 2 duplicate /gene - pinR_1 pinR_2
[21:50:55] Fixed 2 duplicate /gene - gyrA_1 gyrA_2
[21:50:55] Fixed 2 duplicate /gene - pdxB_1 pdxB_2
[21:50:55] Fixed 2 duplicate /gene - xpt_1 xpt_2
[21:50:55] Fixed 4 duplicate /gene - cpdA_1 cpdA_2 cpdA_3 cpdA_4
[21:50:55] Fixed 2 duplicate /gene - surA_1 surA_2
[21:50:55] Fixed 3 duplicate /gene - mshA_1 mshA_2 mshA_3
[21:50:55] Fixed 2 duplicate /gene - recA_1 recA_2
[21:50:55] Fixed 2 duplicate /gene - cysS_1 cysS_2
[21:50:55] Fixed 3 duplicate /gene - galK_1 galK_2 galK_3
[21:50:55] Fixed 2 duplicate /gene - ndhI_1 ndhI_2
[21:50:55] Fixed 2 duplicate /gene - dapA_1 dapA_2
[21:50:55] Fixed 2 duplicate /gene - rny_1 rny_2
[21:50:55] Fixed 4 duplicate /gene - susC_1 susC_2 susC_3 susC_4
[21:50:55] Fixed 3 duplicate /gene - rhaR_1 rhaR_2 rhaR_3
[21:50:55] Fixed 2 duplicate /gene - glnA_1 glnA_2
[21:50:55] Fixed 2 duplicate /gene - bcs1_1 bcs1_2
[21:50:55] Fixed 2 duplicate /gene - ppdK_1 ppdK_2
[21:50:55] Fixed 2 duplicate /gene - fabB_1 fabB_2
[21:50:55] Fixed 4 duplicate /gene - btuB_1 btuB_2 btuB_3 btuB_4
[21:50:55] Fixed 2 duplicate /gene - mdtA_1 mdtA_2
[21:50:55] Fixed 2 duplicate /gene - coaX_1 coaX_2
[21:50:55] Fixed 2 duplicate /gene - psd_1 psd_2
[21:50:55] Fixed 2 duplicate /gene - murB_1 murB_2
[21:50:55] Fixed 2 duplicate /gene - sasA_1 sasA_2
[21:50:55] Fixed 3 duplicate /gene - mdtB_1 mdtB_2 mdtB_3
[21:50:55] Fixed 2 duplicate /gene - xerD_1 xerD_2
[21:50:55] Fixed 2 duplicate /gene - yafQ_1 yafQ_2
[21:50:55] Fixed 2 duplicate /gene - bamA_1 bamA_2
[21:50:55] Fixed 2 duplicate /gene - resA_1 resA_2
[21:50:55] Fixed 2 duplicate /gene - fusA_1 fusA_2
[21:50:55] Fixed 2 duplicate /gene - amyP_1 amyP_2
[21:50:55] Fixed 2 duplicate /gene - gtf1_1 gtf1_2
[21:50:55] Fixed 2 duplicate /gene - bamD_1 bamD_2
[21:50:55] Fixed 2 duplicate /gene - glgA_1 glgA_2
[21:50:55] Fixed 2 duplicate /gene - kdsA_1 kdsA_2
[21:50:55] Fixed 2 duplicate /gene - uvrA_1 uvrA_2
[21:50:55] Fixed 3 duplicate /gene - iolC_1 iolC_2 iolC_3
[21:50:55] Fixed 2 duplicate /gene - pqqE_1 pqqE_2
[21:50:55] Fixed 2 duplicate /gene - mutT_1 mutT_2
[21:50:55] Fixed 3 duplicate /gene - fabG_1 fabG_2 fabG_3
[21:50:55] Fixed 2 duplicate /gene - fabF_1 fabF_2
[21:50:55] Fixed 2 duplicate /gene - topA_1 topA_2
[21:50:55] Fixed 3 duplicate /gene - rlmB_1 rlmB_2 rlmB_3
[21:50:55] Fixed 2 duplicate /gene - tadA_1 tadA_2
[21:50:55] Fixed 2 duplicate /gene - lepA_1 lepA_2
[21:50:55] Fixed 65 colliding /gene names.
[21:50:55] Adding /locus_tag identifiers
[21:50:55] Assigned 2231 locus_tags to CDS and RNA features.
[21:50:55] Writing outputs to RUG552_prokka/
[21:50:56] Generating annotation statistics file
[21:50:56] Generating Genbank and Sequin files
[21:50:56] Running: tbl2asn -V b -a r10k -l paired-ends -M n -N 1 -y 'Annotated using prokka 1.13.3 from https://github.com/tseemann/prokka' -Z RUG552_prokka\/RUG552\.err -i RUG552_prokka\/RUG552\.fsa 2> /dev/null
[21:51:02] Deleting unwanted file: RUG552_prokka/errorsummary.val
[21:51:02] Deleting unwanted file: RUG552_prokka/RUG552.dr
[21:51:02] Deleting unwanted file: RUG552_prokka/RUG552.fixedproducts
[21:51:02] Deleting unwanted file: RUG552_prokka/RUG552.ecn
[21:51:02] Deleting unwanted file: RUG552_prokka/RUG552.val
[21:51:02] Repairing broken .GBK output that tbl2asn produces...
[21:51:02] Running: sed 's/COORDINATES: profile/COORDINATES:profile/' < RUG552_prokka\/RUG552\.gbf > RUG552_prokka\/RUG552\.gbk
[21:51:02] Deleting unwanted file: RUG552_prokka/RUG552.gbf
[21:51:02] Output files:
[21:51:02] RUG552_prokka/RUG552.log
[21:51:02] RUG552_prokka/RUG552.txt
[21:51:02] RUG552_prokka/RUG552.tbl
[21:51:02] RUG552_prokka/RUG552.fna
[21:51:02] RUG552_prokka/RUG552.tsv
[21:51:02] RUG552_prokka/RUG552.faa
[21:51:02] RUG552_prokka/RUG552.ffn
[21:51:02] RUG552_prokka/RUG552.gff
[21:51:02] RUG552_prokka/RUG552.gbk
[21:51:02] RUG552_prokka/RUG552.err
[21:51:02] RUG552_prokka/RUG552.sqn
[21:51:02] RUG552_prokka/RUG552.fsa
[21:51:02] Annotation finished successfully.
[21:51:02] Walltime used: 6.98 minutes
[21:51:02] If you use this result please cite the Prokka paper:
[21:51:02] Seemann T (2014) Prokka: rapid prokaryotic genome annotation. Bioinformatics. 30(14):2068-9.
[21:51:02] Type 'prokka --citation' for more details.
[21:51:02] Share and enjoy!
